2023-11-14 09:08:22,737 - INFO - Subcategory - Пилососи pages - 49:

2023-11-14 09:08:22,738 - INFO - 	page - 1:

2023-11-14 09:08:26,705 - INFO - 		--------------------

2023-11-14 09:08:37,604 - INFO - 		--------------------

2023-11-14 09:08:43,391 - INFO - 		--------------------

2023-11-14 09:08:43,404 - INFO - 		--------------------

2023-11-14 09:08:43,412 - INFO - 		--------------------

2023-11-14 09:08:43,421 - INFO - 		--------------------

2023-11-14 09:08:43,428 - INFO - 		--------------------

2023-11-14 09:08:43,437 - INFO - 		--------------------

2023-11-14 09:08:43,446 - INFO - 		--------------------

2023-11-14 09:08:43,454 - INFO - 		--------------------

2023-11-14 09:08:43,468 - INFO - 		--------------------

2023-11-14 09:08:43,478 - INFO - 		--------------------

2023-11-14 09:08:43,487 - INFO - 		--------------------

2023-11-14 09:08:43,500 - INFO - 		--------------------

2023-11-14 09:08:43,508 - INFO - 		--------------------

2023-11-14 09:08:43,516 - INFO - 		--------------------

2023-11-14 09:08:43,525 - INFO - 		--------------------

2023-11-14 09:08:43,537 - INFO - 		--------------------

2023-11-14 09:08:43,549 - INFO - 		--------------------

2023-11-14 09:08:43,559 - INFO - 		--------------------

2023-11-14 09:08:43,572 - INFO - 		--------------------

2023-11-14 09:08:43,581 - INFO - 		--------------------

2023-11-14 09:08:43,593 - INFO - 		--------------------

2023-11-14 09:08:43,600 - INFO - 		--------------------

2023-11-14 09:08:43,655 - INFO - 	page - 2:

2023-11-14 09:13:24,584 - INFO - Subcategory - Пилососи pages - 50:

2023-11-14 09:13:24,584 - INFO - 	page - 1:

2023-11-14 09:13:33,571 - INFO - 		--------------------

2023-11-14 09:13:44,715 - INFO - 		--------------------

2023-11-14 09:13:55,889 - WARNING - 		desc not found

2023-11-14 09:13:58,194 - INFO - 		Rowenta  Compact Power XXL RO4B75EA

2023-11-14 09:13:58,194 - INFO - 		--------------------

2023-11-14 09:13:58,194 - INFO - 		--------------------

2023-11-14 09:14:02,975 - INFO - 		--------------------

2023-11-14 09:14:02,987 - INFO - 		--------------------

2023-11-14 09:14:02,994 - INFO - 		--------------------

2023-11-14 09:14:03,002 - INFO - 		--------------------

2023-11-14 09:14:03,010 - INFO - 		--------------------

2023-11-14 09:14:03,018 - INFO - 		--------------------

2023-11-14 09:14:03,032 - INFO - 		--------------------

2023-11-14 09:14:03,042 - INFO - 		--------------------

2023-11-14 09:14:03,051 - INFO - 		--------------------

2023-11-14 09:14:03,064 - INFO - 		--------------------

2023-11-14 09:14:03,076 - INFO - 		--------------------

2023-11-14 09:14:03,087 - INFO - 		--------------------

2023-11-14 09:14:03,095 - INFO - 		--------------------

2023-11-14 09:14:03,109 - INFO - 		--------------------

2023-11-14 09:14:03,120 - INFO - 		--------------------

2023-11-14 09:14:03,132 - INFO - 		--------------------

2023-11-14 09:14:03,142 - INFO - 		--------------------

2023-11-14 09:14:03,155 - INFO - 		--------------------

2023-11-14 09:14:03,161 - INFO - 		--------------------

2023-11-14 09:14:03,169 - INFO - 		--------------------

2023-11-14 09:14:03,174 - INFO - 		--------------------

2023-11-14 09:14:03,210 - INFO - 	page - 2:

2023-11-14 09:15:21,898 - INFO - Subcategory - Пилососи pages - 50:

2023-11-14 09:15:21,899 - INFO - 	page - 1:

2023-11-14 09:15:26,174 - INFO - 		--------------------

2023-11-14 09:15:34,696 - INFO - 		Rowenta  RO3731EA

2023-11-14 09:15:34,696 - INFO - 		--------------------

2023-11-14 09:15:34,696 - INFO - 		--------------------

2023-11-14 09:15:42,418 - WARNING - 		desc not found

2023-11-14 09:15:44,883 - WARNING - 		can't click on arrow

2023-11-14 09:15:44,901 - INFO - 		Rowenta  Compact Power XXL RO4B75EA

2023-11-14 09:15:44,901 - INFO - 		--------------------

2023-11-14 09:15:44,901 - INFO - 		--------------------

2023-11-14 09:15:53,988 - WARNING - 		can't click on arrow

2023-11-14 09:15:54,012 - INFO - 		Karcher  WD 3 V-17/4/20 (1.628-101.0)

2023-11-14 09:15:54,013 - INFO - 		--------------------

2023-11-14 09:15:54,013 - INFO - 		--------------------

2023-11-14 09:16:03,120 - WARNING - 		can't click on arrow

2023-11-14 09:16:03,142 - INFO - 		Philips  FC9334/09

2023-11-14 09:16:03,143 - INFO - 		--------------------

2023-11-14 09:16:03,143 - INFO - 		--------------------

2023-11-14 09:16:11,205 - INFO - 		Rowenta  RO 3786EA

2023-11-14 09:16:11,205 - INFO - 		--------------------

2023-11-14 09:16:11,205 - INFO - 		--------------------

2023-11-14 09:16:16,810 - WARNING - 		desc not found

2023-11-14 09:16:18,813 - WARNING - 		can't click on arrow

2023-11-14 09:16:18,830 - INFO - 		Baseus  A3 Car Vacuum Cleaner Black (CRXCQA3-0A)

2023-11-14 09:16:18,831 - INFO - 		--------------------

2023-11-14 09:16:18,831 - INFO - 		--------------------

